  Main.cpp
C:\Users\Ioana\Desktop\github\ConnectionGames\ConnectionGames\Main.cpp(5,29): warning C4244: 'argument': conversion from 'const int' to 'float', possible loss of data
C:\Users\Ioana\Desktop\github\ConnectionGames\ConnectionGames\Main.cpp(33,13): warning C4244: 'initializing': conversion from 'const T' to 'int', possible loss of data
          with
          [
              T=float
          ]
C:\Users\Ioana\Desktop\github\ConnectionGames\ConnectionGames\Main.cpp(34,13): warning C4244: 'initializing': conversion from 'const T' to 'int', possible loss of data
          with
          [
              T=float
          ]
  ConnectionGames.vcxproj -> C:\Users\Ioana\Desktop\github\ConnectionGames\ConnectionGames\build\bin\Debug\Win32\ConnectionGames.exe
  C:\Users\Ioana\Desktop\github\ConnectionGames\ConnectionGames\ThirdParty\bin\Win32\openal32.dll
  C:\Users\Ioana\Desktop\github\ConnectionGames\ConnectionGames\ThirdParty\bin\Win32\sfml-audio-2.dll
  C:\Users\Ioana\Desktop\github\ConnectionGames\ConnectionGames\ThirdParty\bin\Win32\sfml-audio-d-2.dll
  C:\Users\Ioana\Desktop\github\ConnectionGames\ConnectionGames\ThirdParty\bin\Win32\sfml-graphics-2.dll
  C:\Users\Ioana\Desktop\github\ConnectionGames\ConnectionGames\ThirdParty\bin\Win32\sfml-graphics-d-2.dll
  C:\Users\Ioana\Desktop\github\ConnectionGames\ConnectionGames\ThirdParty\bin\Win32\sfml-network-2.dll
  C:\Users\Ioana\Desktop\github\ConnectionGames\ConnectionGames\ThirdParty\bin\Win32\sfml-network-d-2.dll
  C:\Users\Ioana\Desktop\github\ConnectionGames\ConnectionGames\ThirdParty\bin\Win32\sfml-system-2.dll
  C:\Users\Ioana\Desktop\github\ConnectionGames\ConnectionGames\ThirdParty\bin\Win32\sfml-system-d-2.dll
  C:\Users\Ioana\Desktop\github\ConnectionGames\ConnectionGames\ThirdParty\bin\Win32\sfml-window-2.dll
  C:\Users\Ioana\Desktop\github\ConnectionGames\ConnectionGames\ThirdParty\bin\Win32\sfml-window-d-2.dll
  11 File(s) copied
